#-----------------------------------------------------------
# Vivado v2018.3 (64-bit)
# SW Build 2405991 on Thu Dec  6 23:38:27 MST 2018
# IP Build 2404404 on Fri Dec  7 01:43:56 MST 2018
# Start of session at: Fri Dec  2 02:39:37 2022
# Process ID: 16504
# Current directory: C:/Users/yucehan/Desktop/servocontrollerBays
# Command line: vivado.exe C:\Users\yucehan\Desktop\servocontrollerBays\servocontrollerBays.xpr
# Log file: C:/Users/yucehan/Desktop/servocontrollerBays/vivado.log
# Journal file: C:/Users/yucehan/Desktop/servocontrollerBays\vivado.jou
#-----------------------------------------------------------
start_gui
open_project C:/Users/yucehan/Desktop/servocontrollerBays/servocontrollerBays.xpr
Scanning sources...
Finished scanning sources
INFO: [IP_Flow 19-234] Refreshing IP repositories
INFO: [IP_Flow 19-1704] No user IP repositories specified
INFO: [IP_Flow 19-2313] Loaded Vivado IP repository 'D:/Xilinx/Vivado/2018.3/data/ip'.
open_project: Time (s): cpu = 00:00:26 ; elapsed = 00:00:15 . Memory (MB): peak = 796.277 ; gain = 168.344
update_compile_order -fileset sources_1
exit
INFO: [Common 17-206] Exiting Vivado at Fri Dec  2 02:40:22 2022...
