INFO: [VRFC 10-2263] Analyzing Verilog file "D:/Muhtas1_servo_controller/Basys3_servocontroller_kodu/servocontrollerBays.srcs/sources_1/new/sevenseg.v" into library xil_defaultlib
INFO: [VRFC 10-311] analyzing module sevenseg
INFO: [VRFC 10-2263] Analyzing Verilog file "D:/Muhtas1_servo_controller/Basys3_servocontroller_kodu/servocontrollerBays.srcs/sources_1/new/led_sw.v" into library xil_defaultlib
INFO: [VRFC 10-311] analyzing module led_sw
INFO: [VRFC 10-2263] Analyzing Verilog file "D:/Muhtas1_servo_controller/Basys3_servocontroller_kodu/servocontrollerBays.ip_user_files/bd/design_1/ip/design_1_Servo_interface_0_0/sim/design_1_Servo_interface_0_0.v" into library xil_defaultlib
INFO: [VRFC 10-311] analyzing module design_1_Servo_interface_0_0
INFO: [VRFC 10-2263] Analyzing Verilog file "D:/Muhtas1_servo_controller/Basys3_servocontroller_kodu/servocontrollerBays.ip_user_files/bd/design_1/ip/design_1_clk_wiz_0_0/design_1_clk_wiz_0_0_clk_wiz.v" into library xil_defaultlib
INFO: [VRFC 10-311] analyzing module design_1_clk_wiz_0_0_clk_wiz
INFO: [VRFC 10-2263] Analyzing Verilog file "D:/Muhtas1_servo_controller/Basys3_servocontroller_kodu/servocontrollerBays.ip_user_files/bd/design_1/ip/design_1_clk_wiz_0_0/design_1_clk_wiz_0_0.v" into library xil_defaultlib
INFO: [VRFC 10-311] analyzing module design_1_clk_wiz_0_0
INFO: [VRFC 10-2263] Analyzing Verilog file "D:/Muhtas1_servo_controller/Basys3_servocontroller_kodu/servocontrollerBays.ip_user_files/bd/design_1/sim/design_1.v" into library xil_defaultlib
INFO: [VRFC 10-311] analyzing module design_1
INFO: [VRFC 10-2263] Analyzing Verilog file "D:/Muhtas1_servo_controller/Basys3_servocontroller_kodu/servocontrollerBays.ip_user_files/bd/design_1/ip/design_1_sevenseg_0_0/sim/design_1_sevenseg_0_0.v" into library xil_defaultlib
INFO: [VRFC 10-311] analyzing module design_1_sevenseg_0_0
INFO: [VRFC 10-2263] Analyzing Verilog file "D:/Muhtas1_servo_controller/Basys3_servocontroller_kodu/servocontrollerBays.ip_user_files/bd/design_1/ip/design_1_led_sw_0_0/sim/design_1_led_sw_0_0.v" into library xil_defaultlib
INFO: [VRFC 10-311] analyzing module design_1_led_sw_0_0
INFO: [VRFC 10-2263] Analyzing Verilog file "D:/Muhtas1_servo_controller/Basys3_servocontroller_kodu/servocontrollerBays.srcs/sources_1/bd/design_1/hdl/design_1_wrapper.v" into library xil_defaultlib
INFO: [VRFC 10-311] analyzing module design_1_wrapper
INFO: [VRFC 10-2263] Analyzing Verilog file "D:/Muhtas1_servo_controller/Basys3_servocontroller_kodu/servocontrollerBays.sim/sim_1/behav/xsim/glbl.v" into library xil_defaultlib
INFO: [VRFC 10-311] analyzing module glbl
